<?xml version="1.0" encoding="UTF-8"?>
<testsuite xmlns:xsi="http://www.w3.org/2001/XMLSchema-instance" xsi:noNamespaceSchemaLocation="https://maven.apache.org/surefire/maven-surefire-plugin/xsd/surefire-test-report-3.0.xsd" version="3.0" name="com.ontariotechu.sofe3980U.AppTest" time="0.136" tests="21" errors="0" skipped="0" failures="0">
  <properties>
    <property name="java.specification.version" value="19"/>
    <property name="sun.cpu.isalist" value="amd64"/>
    <property name="sun.jnu.encoding" value="Cp1252"/>
    <property name="java.class.path" value="C:\Users\tahir\OneDrive\Documents\3rd Year 2nd Sem\Software Quality\NextDateCalculator\target\test-classes;C:\Users\tahir\OneDrive\Documents\3rd Year 2nd Sem\Software Quality\NextDateCalculator\target\classes;C:\Users\tahir\.m2\repository\junit\junit\4.12\junit-4.12.jar;C:\Users\tahir\.m2\repository\org\hamcrest\hamcrest-core\1.3\hamcrest-core-1.3.jar;C:\Users\tahir\.m2\repository\org\junit\jupiter\junit-jupiter-params\5.9.2\junit-jupiter-params-5.9.2.jar;C:\Users\tahir\.m2\repository\org\junit\jupiter\junit-jupiter-api\5.9.2\junit-jupiter-api-5.9.2.jar;C:\Users\tahir\.m2\repository\org\opentest4j\opentest4j\1.2.0\opentest4j-1.2.0.jar;C:\Users\tahir\.m2\repository\org\junit\platform\junit-platform-commons\1.9.2\junit-platform-commons-1.9.2.jar;C:\Users\tahir\.m2\repository\org\apiguardian\apiguardian-api\1.1.2\apiguardian-api-1.1.2.jar;"/>
    <property name="java.vm.vendor" value="Oracle Corporation"/>
    <property name="sun.arch.data.model" value="64"/>
    <property name="user.variant" value=""/>
    <property name="java.vendor.url" value="https://java.oracle.com/"/>
    <property name="user.timezone" value="America/Toronto"/>
    <property name="os.name" value="Windows 11"/>
    <property name="java.vm.specification.version" value="19"/>
    <property name="sun.java.launcher" value="SUN_STANDARD"/>
    <property name="user.country" value="CA"/>
    <property name="sun.boot.library.path" value="C:\Program Files\Java\jdk-19\bin"/>
    <property name="sun.java.command" value="C:\Users\tahir\AppData\Local\Temp\surefire8144869052546841679\surefirebooter1266563739217059930.jar C:\Users\tahir\AppData\Local\Temp\surefire8144869052546841679 2023-03-06T08-18-04_691-jvmRun1 surefire6856202769642780360tmp surefire_02816835628820783733tmp"/>
    <property name="jdk.debug" value="release"/>
    <property name="surefire.test.class.path" value="C:\Users\tahir\OneDrive\Documents\3rd Year 2nd Sem\Software Quality\NextDateCalculator\target\test-classes;C:\Users\tahir\OneDrive\Documents\3rd Year 2nd Sem\Software Quality\NextDateCalculator\target\classes;C:\Users\tahir\.m2\repository\junit\junit\4.12\junit-4.12.jar;C:\Users\tahir\.m2\repository\org\hamcrest\hamcrest-core\1.3\hamcrest-core-1.3.jar;C:\Users\tahir\.m2\repository\org\junit\jupiter\junit-jupiter-params\5.9.2\junit-jupiter-params-5.9.2.jar;C:\Users\tahir\.m2\repository\org\junit\jupiter\junit-jupiter-api\5.9.2\junit-jupiter-api-5.9.2.jar;C:\Users\tahir\.m2\repository\org\opentest4j\opentest4j\1.2.0\opentest4j-1.2.0.jar;C:\Users\tahir\.m2\repository\org\junit\platform\junit-platform-commons\1.9.2\junit-platform-commons-1.9.2.jar;C:\Users\tahir\.m2\repository\org\apiguardian\apiguardian-api\1.1.2\apiguardian-api-1.1.2.jar;"/>
    <property name="sun.cpu.endian" value="little"/>
    <property name="user.home" value="C:\Users\tahir"/>
    <property name="user.language" value="en"/>
    <property name="java.specification.vendor" value="Oracle Corporation"/>
    <property name="java.version.date" value="2023-01-17"/>
    <property name="java.home" value="C:\Program Files\Java\jdk-19"/>
    <property name="file.separator" value="\"/>
    <property name="basedir" value="C:\Users\tahir\OneDrive\Documents\3rd Year 2nd Sem\Software Quality\NextDateCalculator"/>
    <property name="java.vm.compressedOopsMode" value="Zero based"/>
    <property name="line.separator" value="&#10;"/>
    <property name="java.vm.specification.vendor" value="Oracle Corporation"/>
    <property name="java.specification.name" value="Java Platform API Specification"/>
    <property name="surefire.real.class.path" value="C:\Users\tahir\AppData\Local\Temp\surefire8144869052546841679\surefirebooter1266563739217059930.jar"/>
    <property name="user.script" value=""/>
    <property name="sun.management.compiler" value="HotSpot 64-Bit Tiered Compilers"/>
    <property name="java.runtime.version" value="19.0.2+7-44"/>
    <property name="user.name" value="tahir"/>
    <property name="stdout.encoding" value="Cp1252"/>
    <property name="path.separator" value=";"/>
    <property name="os.version" value="10.0"/>
    <property name="java.runtime.name" value="Java(TM) SE Runtime Environment"/>
    <property name="file.encoding" value="UTF-8"/>
    <property name="java.vm.name" value="Java HotSpot(TM) 64-Bit Server VM"/>
    <property name="localRepository" value="C:\Users\tahir\.m2\repository"/>
    <property name="java.vendor.url.bug" value="https://bugreport.java.com/bugreport/"/>
    <property name="java.io.tmpdir" value="C:\Users\tahir\AppData\Local\Temp\"/>
    <property name="java.version" value="19.0.2"/>
    <property name="user.dir" value="C:\Users\tahir\OneDrive\Documents\3rd Year 2nd Sem\Software Quality\NextDateCalculator"/>
    <property name="os.arch" value="amd64"/>
    <property name="java.vm.specification.name" value="Java Virtual Machine Specification"/>
    <property name="sun.os.patch.level" value=""/>
    <property name="native.encoding" value="Cp1252"/>
    <property name="java.library.path" value="C:\Program Files\Java\jdk-19\bin;C:\WINDOWS\Sun\Java\bin;C:\WINDOWS\system32;C:\WINDOWS;C:\Program Files\Common Files\Oracle\Java\javapath;C:\Program Files\Oculus\Support\oculus-runtime;C:\Program Files\Microsoft\jdk-11.0.12.7-hotspot\bin;C:\WINDOWS\system32;C:\WINDOWS;C:\WINDOWS\System32\Wbem;C:\WINDOWS\System32\WindowsPowerShell\v1.0\;C:\WINDOWS\System32\OpenSSH\;C:\Program Files\NVIDIA Corporation\NVIDIA NvDLISR;C:\Program Files (x86)\NVIDIA Corporation\PhysX\Common;C:\Program Files\nodejs\;C:\Program Files\Docker\Docker\resources\bin;C:\ProgramData\DockerDesktop\version-bin;C:\Program Files\Git\cmd;C:\Program Files\dotnet\;C:\WINDOWS\system32;C:\WINDOWS;C:\WINDOWS\System32\Wbem;C:\WINDOWS\System32\WindowsPowerShell\v1.0\;C:\WINDOWS\System32\OpenSSH\;C:\Program Files\MySQL\MySQL Shell 8.0\bin\;C:\Users\tahir\AppData\Local\Programs\Python\Python310\Scripts\;C:\Users\tahir\AppData\Local\Programs\Python\Python310\;C:\Users\tahir\AppData\Local\Microsoft\WindowsApps;C:\Users\tahir\AppData\Roaming\npm;C:\Users\tahir\AppData\Local\Programs\Microsoft VS Code\bin;C:\apache-maven-3.8.7\bin;;."/>
    <property name="java.vm.info" value="mixed mode, sharing"/>
    <property name="stderr.encoding" value="Cp1252"/>
    <property name="java.vendor" value="Oracle Corporation"/>
    <property name="java.vm.version" value="19.0.2+7-44"/>
    <property name="sun.io.unicode.encoding" value="UnicodeLittle"/>
    <property name="java.class.version" value="63.0"/>
  </properties>
  <testcase name="testNextDate(int, int, int, int, String)[1]" classname="com.ontariotechu.sofe3980U.AppTest" time="0.043"/>
  <testcase name="testNextDate(int, int, int, int, String)[2]" classname="com.ontariotechu.sofe3980U.AppTest" time="0.001"/>
  <testcase name="testNextDate(int, int, int, int, String)[3]" classname="com.ontariotechu.sofe3980U.AppTest" time="0.001"/>
  <testcase name="testNextDate(int, int, int, int, String)[4]" classname="com.ontariotechu.sofe3980U.AppTest" time="0.001"/>
  <testcase name="testNextDate(int, int, int, int, String)[5]" classname="com.ontariotechu.sofe3980U.AppTest" time="0.001"/>
  <testcase name="testNextDate(int, int, int, int, String)[6]" classname="com.ontariotechu.sofe3980U.AppTest" time="0"/>
  <testcase name="testNextDate(int, int, int, int, String)[7]" classname="com.ontariotechu.sofe3980U.AppTest" time="0.001"/>
  <testcase name="testNextDate(int, int, int, int, String)[8]" classname="com.ontariotechu.sofe3980U.AppTest" time="0.001"/>
  <testcase name="testNextDate(int, int, int, int, String)[9]" classname="com.ontariotechu.sofe3980U.AppTest" time="0.001"/>
  <testcase name="testNextDate(int, int, int, int, String)[10]" classname="com.ontariotechu.sofe3980U.AppTest" time="0.001"/>
  <testcase name="testNextDate(int, int, int, int, String)[11]" classname="com.ontariotechu.sofe3980U.AppTest" time="0.001"/>
  <testcase name="testNextDate(int, int, int, int, String)[12]" classname="com.ontariotechu.sofe3980U.AppTest" time="0.001"/>
  <testcase name="testNextDate(int, int, int, int, String)[13]" classname="com.ontariotechu.sofe3980U.AppTest" time="0"/>
  <testcase name="testNextDate(int, int, int, int, String)[14]" classname="com.ontariotechu.sofe3980U.AppTest" time="0"/>
  <testcase name="testNextDate(int, int, int, int, String)[15]" classname="com.ontariotechu.sofe3980U.AppTest" time="0"/>
  <testcase name="testNextDate(int, int, int, int, String)[16]" classname="com.ontariotechu.sofe3980U.AppTest" time="0"/>
  <testcase name="testNextDate(int, int, int, int, String)[17]" classname="com.ontariotechu.sofe3980U.AppTest" time="0"/>
  <testcase name="testNextDate(int, int, int, int, String)[18]" classname="com.ontariotechu.sofe3980U.AppTest" time="0.001"/>
  <testcase name="testNextDate(int, int, int, int, String)[19]" classname="com.ontariotechu.sofe3980U.AppTest" time="0.001"/>
  <testcase name="testNextDate(int, int, int, int, String)[20]" classname="com.ontariotechu.sofe3980U.AppTest" time="0.001"/>
  <testcase name="testNextDate(int, int, int, int, String)[21]" classname="com.ontariotechu.sofe3980U.AppTest" time="0.001"/>
</testsuite>